[debug] [2023-12-09T20:26:49.580Z] ----------------------------------------------------------------------
[debug] [2023-12-09T20:26:49.581Z] Command:       /opt/homebrew/Cellar/node/20.6.1/bin/node /usr/local/bin/firebase deploy --only hosting
[debug] [2023-12-09T20:26:49.582Z] CLI Version:   11.5.0
[debug] [2023-12-09T20:26:49.582Z] Platform:      darwin
[debug] [2023-12-09T20:26:49.582Z] Node Version:  v20.6.1
[debug] [2023-12-09T20:26:49.582Z] Time:          Sat Dec 09 2023 15:26:49 GMT-0500 (Eastern Standard Time)
[debug] [2023-12-09T20:26:49.582Z] ----------------------------------------------------------------------
[debug] 
[debug] [2023-12-09T20:26:49.583Z] >>> [apiv2][query] GET https://firebase-public.firebaseio.com/cli.json [none]
[debug] [2023-12-09T20:26:49.631Z] > command requires scopes: ["email","openid","https://www.googleapis.com/auth/cloudplatformprojects.readonly","https://www.googleapis.com/auth/firebase","https://www.googleapis.com/auth/cloud-platform"]
[debug] [2023-12-09T20:26:49.632Z] > authorizing via signed-in user (v.yashwanthreddy2@gmail.com)
[debug] [2023-12-09T20:26:49.632Z] [iam] checking project redsolsblog-4cca0 for permissions ["firebase.projects.get","firebasehosting.sites.update"]
[debug] [2023-12-09T20:26:49.632Z] > refreshing access token with scopes: []
[debug] [2023-12-09T20:26:49.632Z] >>> [apiv2][query] POST https://www.googleapis.com/oauth2/v3/token [none]
[debug] [2023-12-09T20:26:49.632Z] >>> [apiv2][body] POST https://www.googleapis.com/oauth2/v3/token [omitted]
[debug] [2023-12-09T20:26:49.773Z] <<< [apiv2][status] GET https://firebase-public.firebaseio.com/cli.json 200
[debug] [2023-12-09T20:26:49.774Z] <<< [apiv2][body] GET https://firebase-public.firebaseio.com/cli.json {"cloudBuildErrorAfter":1594252800000,"cloudBuildWarnAfter":1590019200000,"defaultNode10After":1594252800000,"minVersion":"3.0.5","node8DeploysDisabledAfter":1613390400000,"node8RuntimeDisabledAfter":1615809600000,"node8WarnAfter":1600128000000}
[debug] [2023-12-09T20:26:49.792Z] <<< [apiv2][status] POST https://www.googleapis.com/oauth2/v3/token 200
[debug] [2023-12-09T20:26:49.792Z] <<< [apiv2][body] POST https://www.googleapis.com/oauth2/v3/token [omitted]
[debug] [2023-12-09T20:26:49.799Z] >>> [apiv2][query] POST https://cloudresourcemanager.googleapis.com/v1/projects/redsolsblog-4cca0:testIamPermissions [none]
[debug] [2023-12-09T20:26:49.799Z] >>> [apiv2][(partial)header] POST https://cloudresourcemanager.googleapis.com/v1/projects/redsolsblog-4cca0:testIamPermissions x-goog-quota-user=projects/redsolsblog-4cca0
[debug] [2023-12-09T20:26:49.799Z] >>> [apiv2][body] POST https://cloudresourcemanager.googleapis.com/v1/projects/redsolsblog-4cca0:testIamPermissions {"permissions":["firebase.projects.get","firebasehosting.sites.update"]}
[debug] [2023-12-09T20:26:50.123Z] <<< [apiv2][status] POST https://cloudresourcemanager.googleapis.com/v1/projects/redsolsblog-4cca0:testIamPermissions 200
[debug] [2023-12-09T20:26:50.124Z] <<< [apiv2][body] POST https://cloudresourcemanager.googleapis.com/v1/projects/redsolsblog-4cca0:testIamPermissions {}
[debug] [2023-12-09T20:26:50.124Z] [iam] error while checking permissions, command may fail: FirebaseError: Authorization failed. This account is missing the following required permissions on project redsolsblog-4cca0:

  firebase.projects.get
  firebasehosting.sites.update
[debug] [2023-12-09T20:26:50.125Z] >>> [apiv2][query] GET https://firebase.googleapis.com/v1beta1/projects/redsolsblog-4cca0 [none]
[debug] [2023-12-09T20:26:50.707Z] <<< [apiv2][status] GET https://firebase.googleapis.com/v1beta1/projects/redsolsblog-4cca0 403
[debug] [2023-12-09T20:26:50.707Z] <<< [apiv2][body] GET https://firebase.googleapis.com/v1beta1/projects/redsolsblog-4cca0 {"error":{"code":403,"message":"The caller does not have permission","status":"PERMISSION_DENIED"}}
[debug] [2023-12-09T20:26:50.708Z] HTTP Error: 403, The caller does not have permission
[debug] [2023-12-09T20:26:50.709Z] FirebaseError: HTTP Error: 403, The caller does not have permission
    at responseToError (/usr/local/lib/node_modules/firebase-tools/lib/responseToError.js:49:12)
    at RetryOperation._fn (/usr/local/lib/node_modules/firebase-tools/lib/apiv2.js:288:77)
    at process.processTicksAndRejections (node:internal/process/task_queues:95:5)
[error] 
[error] Error: Failed to get Firebase project redsolsblog-4cca0. Please make sure the project exists and your account has permission to access it.
